2025-10-16 02:05:00,848 - INFO - ============================================================
2025-10-16 02:05:00,849 - INFO - CSV Load Script Started
2025-10-16 02:05:00,850 - INFO - ============================================================
2025-10-16 02:05:00,850 - INFO - Target file: train.csv
2025-10-16 02:05:00,850 - INFO - Loading CSV file...
2025-10-16 02:05:06,077 - INFO - CSV loaded successfully in 5.23 seconds
2025-10-16 02:05:06,077 - INFO - ============================================================
2025-10-16 02:05:06,078 - INFO - DATASET OVERVIEW
2025-10-16 02:05:06,078 - INFO - ============================================================
2025-10-16 02:05:06,078 - INFO - Total rows: 1458644
2025-10-16 02:05:06,079 - INFO - Total columns: 11
2025-10-16 02:05:06,898 - INFO - Memory usage: 417.32 MB
2025-10-16 02:05:06,899 - INFO - ============================================================
2025-10-16 02:05:06,899 - INFO - COLUMN DETAILS
2025-10-16 02:05:06,899 - INFO - ============================================================
2025-10-16 02:05:07,103 - INFO - 1. id - Type: object, Non-null: 1458644, Null: 0
2025-10-16 02:05:07,118 - INFO - 2. vendor_id - Type: int64, Non-null: 1458644, Null: 0
2025-10-16 02:05:07,357 - INFO - 3. pickup_datetime - Type: object, Non-null: 1458644, Null: 0
2025-10-16 02:05:07,532 - INFO - 4. dropoff_datetime - Type: object, Non-null: 1458644, Null: 0
2025-10-16 02:05:07,538 - INFO - 5. passenger_count - Type: int64, Non-null: 1458644, Null: 0
2025-10-16 02:05:07,544 - INFO - 6. pickup_longitude - Type: float64, Non-null: 1458644, Null: 0
2025-10-16 02:05:07,554 - INFO - 7. pickup_latitude - Type: float64, Non-null: 1458644, Null: 0
2025-10-16 02:05:07,561 - INFO - 8. dropoff_longitude - Type: float64, Non-null: 1458644, Null: 0
2025-10-16 02:05:07,570 - INFO - 9. dropoff_latitude - Type: float64, Non-null: 1458644, Null: 0
2025-10-16 02:05:07,693 - INFO - 10. store_and_fwd_flag - Type: object, Non-null: 1458644, Null: 0
2025-10-16 02:05:07,699 - INFO - 11. trip_duration - Type: int64, Non-null: 1458644, Null: 0
2025-10-16 02:05:07,700 - INFO - ============================================================
2025-10-16 02:05:07,700 - INFO - FIRST 5 ROWS
2025-10-16 02:05:07,701 - INFO - ============================================================
2025-10-16 02:05:07,711 - INFO - 
          id  vendor_id      pickup_datetime     dropoff_datetime  passenger_count  pickup_longitude  pickup_latitude  dropoff_longitude  dropoff_latitude store_and_fwd_flag  trip_duration
0  id2875421          2  2016-03-14 17:24:55  2016-03-14 17:32:30                1        -73.982155        40.767937         -73.964630         40.765602                  N            455
1  id2377394          1  2016-06-12 00:43:35  2016-06-12 00:54:38                1        -73.980415        40.738564         -73.999481         40.731152                  N            663
2  id3858529          2  2016-01-19 11:35:24  2016-01-19 12:10:48                1        -73.979027        40.763939         -74.005333         40.710087                  N           2124
3  id3504673          2  2016-04-06 19:32:31  2016-04-06 19:39:40                1        -74.010040        40.719971         -74.012268         40.706718                  N            429
4  id2181028          2  2016-03-26 13:30:55  2016-03-26 13:38:10                1        -73.973053        40.793209         -73.972923         40.782520                  N            435
2025-10-16 02:05:07,711 - INFO - ============================================================
2025-10-16 02:05:07,711 - INFO - NUMERIC COLUMN STATISTICS
2025-10-16 02:05:07,712 - INFO - ============================================================
2025-10-16 02:05:08,262 - INFO - 
          vendor_id  passenger_count  pickup_longitude  pickup_latitude  dropoff_longitude  dropoff_latitude  trip_duration
count  1.458644e+06     1.458644e+06      1.458644e+06     1.458644e+06       1.458644e+06      1.458644e+06   1.458644e+06
mean   1.534950e+00     1.664530e+00     -7.397349e+01     4.075092e+01      -7.397342e+01      4.075180e+01   9.594923e+02
std    4.987772e-01     1.314242e+00      7.090186e-02     3.288119e-02       7.064327e-02      3.589056e-02   5.237432e+03
min    1.000000e+00     0.000000e+00     -1.219333e+02     3.435970e+01      -1.219333e+02      3.218114e+01   1.000000e+00
25%    1.000000e+00     1.000000e+00     -7.399187e+01     4.073735e+01      -7.399133e+01      4.073588e+01   3.970000e+02
50%    2.000000e+00     1.000000e+00     -7.398174e+01     4.075410e+01      -7.397975e+01      4.075452e+01   6.620000e+02
75%    2.000000e+00     2.000000e+00     -7.396733e+01     4.076836e+01      -7.396301e+01      4.076981e+01   1.075000e+03
max    2.000000e+00     9.000000e+00     -6.133553e+01     5.188108e+01      -6.133553e+01      4.392103e+01   3.526282e+06
2025-10-16 02:05:08,263 - INFO - ============================================================
2025-10-16 02:05:08,263 - INFO - DATA QUALITY CHECK
2025-10-16 02:05:08,264 - INFO - ============================================================
2025-10-16 02:05:08,519 - INFO - Total cells: 16045084
2025-10-16 02:05:08,520 - INFO - Missing values: 0 (0.00%)
2025-10-16 02:05:08,893 - INFO - Complete rows: 1458644
2025-10-16 02:05:10,820 - INFO - Duplicate rows: 0
2025-10-16 02:05:10,820 - INFO - ============================================================
2025-10-16 02:05:10,821 - INFO - LOAD SUMMARY
2025-10-16 02:05:10,821 - INFO - ============================================================
2025-10-16 02:05:10,879 - INFO - ============================================================
2025-10-16 02:05:10,880 - INFO - CSV load completed successfully!
2025-10-16 02:05:10,880 - INFO - DataFrame shape: (1458644, 11)
2025-10-17 12:41:59,687 - INFO - ============================================================
2025-10-17 12:41:59,695 - INFO - CSV Load Script Started
2025-10-17 12:41:59,695 - INFO - ============================================================
2025-10-17 12:41:59,695 - INFO - Target file: train.csv
2025-10-17 12:41:59,695 - INFO - Loading CSV file...
2025-10-17 12:42:03,851 - INFO - CSV loaded successfully in 4.16 seconds
2025-10-17 12:42:03,852 - INFO - ============================================================
2025-10-17 12:42:03,852 - INFO - DATASET OVERVIEW
2025-10-17 12:42:03,852 - INFO - ============================================================
2025-10-17 12:42:03,852 - INFO - Total rows: 1458644
2025-10-17 12:42:03,852 - INFO - Total columns: 11
2025-10-17 12:42:04,552 - INFO - Memory usage: 461.84 MB
2025-10-17 12:42:04,552 - INFO - ============================================================
2025-10-17 12:42:04,552 - INFO - COLUMN DETAILS
2025-10-17 12:42:04,552 - INFO - ============================================================
2025-10-17 12:42:04,633 - INFO - 1. id - Type: object, Non-null: 1458644, Null: 0
2025-10-17 12:42:04,636 - INFO - 2. vendor_id - Type: int64, Non-null: 1458644, Null: 0
2025-10-17 12:42:04,737 - INFO - 3. pickup_datetime - Type: object, Non-null: 1458644, Null: 0
2025-10-17 12:42:04,832 - INFO - 4. dropoff_datetime - Type: object, Non-null: 1458644, Null: 0
2025-10-17 12:42:04,834 - INFO - 5. passenger_count - Type: int64, Non-null: 1458644, Null: 0
2025-10-17 12:42:04,838 - INFO - 6. pickup_longitude - Type: float64, Non-null: 1458644, Null: 0
2025-10-17 12:42:04,842 - INFO - 7. pickup_latitude - Type: float64, Non-null: 1458644, Null: 0
2025-10-17 12:42:04,846 - INFO - 8. dropoff_longitude - Type: float64, Non-null: 1458644, Null: 0
2025-10-17 12:42:04,850 - INFO - 9. dropoff_latitude - Type: float64, Non-null: 1458644, Null: 0
2025-10-17 12:42:04,929 - INFO - 10. store_and_fwd_flag - Type: object, Non-null: 1458644, Null: 0
2025-10-17 12:42:04,931 - INFO - 11. trip_duration - Type: int64, Non-null: 1458644, Null: 0
2025-10-17 12:42:04,932 - INFO - ============================================================
2025-10-17 12:42:04,932 - INFO - FIRST 5 ROWS
2025-10-17 12:42:04,932 - INFO - ============================================================
2025-10-17 12:42:04,938 - INFO - 
          id  vendor_id      pickup_datetime     dropoff_datetime  passenger_count  pickup_longitude  pickup_latitude  dropoff_longitude  dropoff_latitude store_and_fwd_flag  trip_duration
0  id2875421          2  2016-03-14 17:24:55  2016-03-14 17:32:30                1        -73.982155        40.767937         -73.964630         40.765602                  N            455
1  id2377394          1  2016-06-12 00:43:35  2016-06-12 00:54:38                1        -73.980415        40.738564         -73.999481         40.731152                  N            663
2  id3858529          2  2016-01-19 11:35:24  2016-01-19 12:10:48                1        -73.979027        40.763939         -74.005333         40.710087                  N           2124
3  id3504673          2  2016-04-06 19:32:31  2016-04-06 19:39:40                1        -74.010040        40.719971         -74.012268         40.706718                  N            429
4  id2181028          2  2016-03-26 13:30:55  2016-03-26 13:38:10                1        -73.973053        40.793209         -73.972923         40.782520                  N            435
2025-10-17 12:42:04,938 - INFO - ============================================================
2025-10-17 12:42:04,938 - INFO - NUMERIC COLUMN STATISTICS
2025-10-17 12:42:04,938 - INFO - ============================================================
2025-10-17 12:42:05,296 - INFO - 
          vendor_id  passenger_count  pickup_longitude  pickup_latitude  dropoff_longitude  dropoff_latitude  trip_duration
count  1.458644e+06     1.458644e+06      1.458644e+06     1.458644e+06       1.458644e+06      1.458644e+06   1.458644e+06
mean   1.534950e+00     1.664530e+00     -7.397349e+01     4.075092e+01      -7.397342e+01      4.075180e+01   9.594923e+02
std    4.987772e-01     1.314242e+00      7.090186e-02     3.288119e-02       7.064327e-02      3.589056e-02   5.237432e+03
min    1.000000e+00     0.000000e+00     -1.219333e+02     3.435970e+01      -1.219333e+02      3.218114e+01   1.000000e+00
25%    1.000000e+00     1.000000e+00     -7.399187e+01     4.073735e+01      -7.399133e+01      4.073588e+01   3.970000e+02
50%    2.000000e+00     1.000000e+00     -7.398174e+01     4.075410e+01      -7.397975e+01      4.075452e+01   6.620000e+02
75%    2.000000e+00     2.000000e+00     -7.396733e+01     4.076836e+01      -7.396301e+01      4.076981e+01   1.075000e+03
max    2.000000e+00     9.000000e+00     -6.133553e+01     5.188108e+01      -6.133553e+01      4.392103e+01   3.526282e+06
2025-10-17 12:42:05,296 - INFO - ============================================================
2025-10-17 12:42:05,296 - INFO - DATA QUALITY CHECK
2025-10-17 12:42:05,296 - INFO - ============================================================
2025-10-17 12:42:05,537 - INFO - Total cells: 16045084
2025-10-17 12:42:05,537 - INFO - Missing values: 0 (0.00%)
2025-10-17 12:42:05,857 - INFO - Complete rows: 1458644
2025-10-17 12:42:06,979 - INFO - Duplicate rows: 0
2025-10-17 12:42:06,979 - INFO - ============================================================
2025-10-17 12:42:06,979 - INFO - LOAD SUMMARY
2025-10-17 12:42:06,980 - INFO - ============================================================
2025-10-17 12:42:06,980 - INFO - ✓ CSV file successfully loaded
2025-10-17 12:42:06,980 - INFO - ✓ 1458644 rows and 11 columns processed
2025-10-17 12:42:06,980 - INFO - ✓ Log file saved to: csv_load.log
2025-10-17 12:42:06,980 - INFO - ============================================================
2025-10-17 12:42:06,980 - INFO - CSV load completed successfully!
2025-10-17 12:42:06,980 - INFO - DataFrame shape: (1458644, 11)
